<?xml version="1.0" encoding="UTF-8"?>
<!-- Generated by org.testng.reporters.JUnitXMLReporter -->
<testsuite ignored="0" hostname="DESKTOP-GTANLOK" failures="1" tests="5" name="testNG" time="0.098" errors="0" timestamp="19 Jan. 2020 23:55:56 GMT">
  <testcase classname="retryLogicTests.MyTests" name="Test1" time="0.018">
    <skipped/>
  </testcase> <!-- Test1 -->
  <testcase classname="retryLogicTests.MyTests" name="Test1" time="0.001">
    <skipped/>
  </testcase> <!-- Test1 -->
  <testcase classname="retryLogicTests.MyTests" name="Test1" time="0.0">
    <skipped/>
  </testcase> <!-- Test1 -->
  <testcase classname="retryLogicTests.MyTests" name="Test1" time="0.001">
    <failure type="java.lang.AssertionError" message="expected [true] but found [false]">
      <![CDATA[java.lang.AssertionError: expected [true] but found [false]
at retryLogicTests.MyTests.Test1(MyTests.java:11)
... Removed 30 stack frames]]>
    </failure>
  </testcase> <!-- Test1 -->
  <testcase classname="retryLogicTests.MyTests" name="Test2" time="0.002"/>
</testsuite> <!-- testNG -->
