<?xml version="1.0" encoding="UTF-8"?>
<!-- Generated by org.testng.reporters.JUnitXMLReporter -->
<testsuite ignored="0" hostname="DESKTOP-GTANLOK" failures="0" tests="8" name="Different testing Feature Test" time="26.637" errors="0" timestamp="10 Jan. 2020 16:29:00 GMT">
  <testcase classname="GoogleTest" name="googleLogoTest" time="0.096"/>
  <testcase classname="GoogleTest" name="googleTitleTest" time="0.012"/>
  <testcase classname="testngBasics" name="googleTitleTest" time="0.001"/>
  <testcase classname="testngBasics" name="searchTest" time="0.001"/>
  <testcase classname="TestNgFeatures" name="loginTest" time="0.001"/>
  <testcase classname="TestNgFeatures" name="HomePageTest" time="0.001"/>
  <testcase classname="TestNgFeatures" name="RegPageTest" time="0.001"/>
  <testcase classname="TestNgFeatures" name="SearchPageTest" time="0.001"/>
</testsuite> <!-- Different testing Feature Test -->
