<?xml version="1.0" encoding="UTF-8"?>
<!-- Generated by org.testng.reporters.JUnitXMLReporter -->
<testsuite ignored="0" hostname="DESKTOP-GTANLOK" failures="0" tests="8" name="Different testing Feature Test" time="25.213" errors="0" timestamp="10 Jan. 2020 01:44:25 GMT">
  <testcase classname="GoogleTest" name="googleLogoTest" time="0.147"/>
  <testcase classname="GoogleTest" name="googleTitleTest" time="0.014"/>
  <testcase classname="testngBasics" name="googleTitleTest" time="0.0"/>
  <testcase classname="testngBasics" name="searchTest" time="0.0"/>
  <testcase classname="TestNgFeatures" name="loginTest" time="0.001"/>
  <testcase classname="TestNgFeatures" name="HomePageTest" time="0.0"/>
  <testcase classname="TestNgFeatures" name="RegPageTest" time="0.0"/>
  <testcase classname="TestNgFeatures" name="SearchPageTest" time="0.001"/>
</testsuite> <!-- Different testing Feature Test -->
